2023-06-13 00:37:10,522 INFO o.s.b.d.a.LocalDevToolsAutoConfiguration$RestartingClassPathChangeChangedEventListener [File Watcher] Restarting due to 2 class path changes (0 additions, 2 deletions, 0 modifications)
2023-06-13 00:37:10,558 INFO o.a.j.l.DirectJDKLog [Thread-5] Pausing ProtocolHandler ["http-nio-88"]
2023-06-13 00:37:10,558 INFO o.a.j.l.DirectJDKLog [Thread-5] Stopping service [Tomcat]
2023-06-13 00:37:10,561 INFO o.a.j.l.DirectJDKLog [Thread-5] Destroying Spring FrameworkServlet 'dispatcherServlet'
2023-06-13 00:37:10,584 INFO o.a.j.l.DirectJDKLog [Thread-5] Stopping ProtocolHandler ["http-nio-88"]
2023-06-13 00:37:10,587 INFO o.a.j.l.DirectJDKLog [Thread-5] Destroying ProtocolHandler ["http-nio-88"]
2023-06-13 00:37:10,603 INFO c.a.d.p.DruidDataSource [Thread-5] {dataSource-1} closing ...
2023-06-13 00:37:10,604 INFO c.a.d.p.DruidDataSource [Thread-5] {dataSource-1} closed
2023-06-13 00:37:10,757 INFO o.s.b.StartupInfoLogger [restartedMain] Starting MallAdminApplication using Java 17 with PID 21248 (G:\workspace\fastmall\mall-admin\target\classes started by leell in G:\workspace\fastmall)
2023-06-13 00:37:10,758 INFO o.s.b.SpringApplication [restartedMain] The following 3 profiles are active: "db", "core", "dev"
2023-06-13 00:37:12,234 INFO o.s.b.w.e.t.TomcatWebServer [restartedMain] Tomcat initialized with port(s): 88 (http)
2023-06-13 00:37:12,235 INFO o.a.j.l.DirectJDKLog [restartedMain] Initializing ProtocolHandler ["http-nio-88"]
2023-06-13 00:37:12,236 INFO o.a.j.l.DirectJDKLog [restartedMain] Starting service [Tomcat]
2023-06-13 00:37:12,236 INFO o.a.j.l.DirectJDKLog [restartedMain] Starting Servlet engine: [Apache Tomcat/10.1.8]
2023-06-13 00:37:12,378 INFO o.a.j.l.DirectJDKLog [restartedMain] Initializing Spring embedded WebApplicationContext
2023-06-13 00:37:12,378 INFO o.s.b.w.s.c.ServletWebServerApplicationContext [restartedMain] Root WebApplicationContext: initialization completed in 1614 ms
2023-06-13 00:37:12,410 DEBUG o.s.b.w.s.ServletContextInitializerBeans [restartedMain] Mapping filters: springSecurityFilterChain urls=[/*] order=-100, characterEncodingFilter urls=[/*] order=-2147483648, formContentFilter urls=[/*] order=-9900, requestContextFilter urls=[/*] order=-105
2023-06-13 00:37:12,410 DEBUG o.s.b.w.s.ServletContextInitializerBeans [restartedMain] Mapping servlets: dispatcherServlet urls=[/]
2023-06-13 00:37:13,968 WARN o.s.b.a.s.s.UserDetailsServiceAutoConfiguration [restartedMain] 

Using generated security password: 5e0c1564-2583-44ce-9bd2-76789d0d77a7

This generated password is for development use only. Your security configuration must be updated before running your application in production.

2023-06-13 00:37:14,039 DEBUG o.s.w.s.h.AbstractHandlerMethodMapping [restartedMain] 163 mappings in 'requestMappingHandlerMapping'
2023-06-13 00:37:14,164 DEBUG o.s.b.a.w.s.WebMvcAutoConfiguration$WebMvcAutoConfigurationAdapter [restartedMain] Default resource handling disabled
2023-06-13 00:37:14,951 DEBUG o.s.w.s.h.SimpleUrlHandlerMapping [restartedMain] Patterns [/swagger-ui*/*swagger-initializer.js, /swagger-ui*/**] in 'resourceHandlerMapping'
2023-06-13 00:37:14,990 INFO o.s.s.w.DefaultSecurityFilterChain [restartedMain] Will secure any request with [org.springframework.security.web.session.DisableEncodeUrlFilter@23406710, org.springframework.security.web.context.request.async.WebAsyncManagerIntegrationFilter@41019527, org.springframework.security.web.context.SecurityContextHolderFilter@4c219f1, org.springframework.security.web.header.HeaderWriterFilter@b6e838c, org.springframework.security.web.authentication.logout.LogoutFilter@3d0e47ae, com.newland.security.AuthenticationFilter@ed6111a, org.springframework.security.web.savedrequest.RequestCacheAwareFilter@47188542, org.springframework.security.web.servletapi.SecurityContextHolderAwareRequestFilter@569a4540, org.springframework.security.web.authentication.AnonymousAuthenticationFilter@6edbc85a, org.springframework.security.web.access.ExceptionTranslationFilter@65ce8bba, org.springframework.security.web.access.intercept.AuthorizationFilter@62804daf]
2023-06-13 00:37:15,033 DEBUG o.s.w.s.m.m.a.RequestMappingHandlerAdapter [restartedMain] ControllerAdvice beans: 0 @ModelAttribute, 0 @InitBinder, 1 RequestBodyAdvice, 1 ResponseBodyAdvice
2023-06-13 00:37:15,051 DEBUG o.s.w.s.m.m.a.ExceptionHandlerExceptionResolver [restartedMain] ControllerAdvice beans: 2 @ExceptionHandler, 1 ResponseBodyAdvice
2023-06-13 00:37:15,220 INFO o.s.b.d.a.OptionalLiveReloadServer [restartedMain] LiveReload server is running on port 35729
2023-06-13 00:37:15,250 INFO o.a.j.l.DirectJDKLog [restartedMain] Starting ProtocolHandler ["http-nio-88"]
2023-06-13 00:37:15,259 INFO o.s.b.w.e.t.TomcatWebServer [restartedMain] Tomcat started on port(s): 88 (http) with context path ''
2023-06-13 00:37:15,265 INFO o.s.b.StartupInfoLogger [restartedMain] Started MallAdminApplication in 4.592 seconds (process running for 5276.343)
2023-06-13 00:37:15,273 INFO c.a.d.p.DruidDataSource [restartedMain] {dataSource-2} inited
2023-06-13 00:37:15,289 INFO o.s.b.d.a.ConditionEvaluationDeltaLoggingListener [restartedMain] Condition evaluation unchanged
2023-06-13 00:37:17,039 INFO o.s.b.d.a.LocalDevToolsAutoConfiguration$RestartingClassPathChangeChangedEventListener [File Watcher] Restarting due to 2 class path changes (2 additions, 0 deletions, 0 modifications)
2023-06-13 00:37:17,087 INFO o.a.j.l.DirectJDKLog [Thread-7] Pausing ProtocolHandler ["http-nio-88"]
2023-06-13 00:37:17,087 INFO o.a.j.l.DirectJDKLog [Thread-7] Stopping service [Tomcat]
2023-06-13 00:37:17,092 INFO o.a.j.l.DirectJDKLog [Thread-7] Stopping ProtocolHandler ["http-nio-88"]
2023-06-13 00:37:17,095 INFO o.a.j.l.DirectJDKLog [Thread-7] Destroying ProtocolHandler ["http-nio-88"]
2023-06-13 00:37:17,102 INFO c.a.d.p.DruidDataSource [Thread-7] {dataSource-2} closing ...
2023-06-13 00:37:17,104 INFO c.a.d.p.DruidDataSource [Thread-7] {dataSource-2} closed
2023-06-13 00:37:17,242 INFO o.s.b.StartupInfoLogger [restartedMain] Starting MallAdminApplication using Java 17 with PID 21248 (G:\workspace\fastmall\mall-admin\target\classes started by leell in G:\workspace\fastmall)
2023-06-13 00:37:17,243 INFO o.s.b.SpringApplication [restartedMain] The following 3 profiles are active: "db", "core", "dev"
2023-06-13 00:37:18,218 INFO o.s.b.w.e.t.TomcatWebServer [restartedMain] Tomcat initialized with port(s): 88 (http)
2023-06-13 00:37:18,218 INFO o.a.j.l.DirectJDKLog [restartedMain] Initializing ProtocolHandler ["http-nio-88"]
2023-06-13 00:37:18,219 INFO o.a.j.l.DirectJDKLog [restartedMain] Starting service [Tomcat]
2023-06-13 00:37:18,219 INFO o.a.j.l.DirectJDKLog [restartedMain] Starting Servlet engine: [Apache Tomcat/10.1.8]
2023-06-13 00:37:18,331 INFO o.a.j.l.DirectJDKLog [restartedMain] Initializing Spring embedded WebApplicationContext
2023-06-13 00:37:18,332 INFO o.s.b.w.s.c.ServletWebServerApplicationContext [restartedMain] Root WebApplicationContext: initialization completed in 1079 ms
2023-06-13 00:37:18,354 DEBUG o.s.b.w.s.ServletContextInitializerBeans [restartedMain] Mapping filters: springSecurityFilterChain urls=[/*] order=-100, characterEncodingFilter urls=[/*] order=-2147483648, formContentFilter urls=[/*] order=-9900, requestContextFilter urls=[/*] order=-105
2023-06-13 00:37:18,354 DEBUG o.s.b.w.s.ServletContextInitializerBeans [restartedMain] Mapping servlets: dispatcherServlet urls=[/]
2023-06-13 00:37:19,741 WARN o.s.b.a.s.s.UserDetailsServiceAutoConfiguration [restartedMain] 

Using generated security password: f42587dd-d764-4754-b8e8-47766961c1f4

This generated password is for development use only. Your security configuration must be updated before running your application in production.

2023-06-13 00:37:19,814 DEBUG o.s.w.s.h.AbstractHandlerMethodMapping [restartedMain] 168 mappings in 'requestMappingHandlerMapping'
2023-06-13 00:37:19,923 DEBUG o.s.b.a.w.s.WebMvcAutoConfiguration$WebMvcAutoConfigurationAdapter [restartedMain] Default resource handling disabled
2023-06-13 00:37:20,720 DEBUG o.s.w.s.h.SimpleUrlHandlerMapping [restartedMain] Patterns [/swagger-ui*/*swagger-initializer.js, /swagger-ui*/**] in 'resourceHandlerMapping'
2023-06-13 00:37:20,759 INFO o.s.s.w.DefaultSecurityFilterChain [restartedMain] Will secure any request with [org.springframework.security.web.session.DisableEncodeUrlFilter@3c77bccf, org.springframework.security.web.context.request.async.WebAsyncManagerIntegrationFilter@7b999cf, org.springframework.security.web.context.SecurityContextHolderFilter@559bfe88, org.springframework.security.web.header.HeaderWriterFilter@2847d319, org.springframework.security.web.authentication.logout.LogoutFilter@430f1f59, com.newland.security.AuthenticationFilter@2ce60077, org.springframework.security.web.savedrequest.RequestCacheAwareFilter@79abd341, org.springframework.security.web.servletapi.SecurityContextHolderAwareRequestFilter@5fa318a4, org.springframework.security.web.authentication.AnonymousAuthenticationFilter@4ac59791, org.springframework.security.web.access.ExceptionTranslationFilter@7ffb2aaa, org.springframework.security.web.access.intercept.AuthorizationFilter@23b8bfad]
2023-06-13 00:37:20,808 DEBUG o.s.w.s.m.m.a.RequestMappingHandlerAdapter [restartedMain] ControllerAdvice beans: 0 @ModelAttribute, 0 @InitBinder, 1 RequestBodyAdvice, 1 ResponseBodyAdvice
2023-06-13 00:37:20,832 DEBUG o.s.w.s.m.m.a.ExceptionHandlerExceptionResolver [restartedMain] ControllerAdvice beans: 2 @ExceptionHandler, 1 ResponseBodyAdvice
2023-06-13 00:37:21,006 INFO o.s.b.d.a.OptionalLiveReloadServer [restartedMain] LiveReload server is running on port 35729
2023-06-13 00:37:21,035 INFO o.a.j.l.DirectJDKLog [restartedMain] Starting ProtocolHandler ["http-nio-88"]
2023-06-13 00:37:21,042 INFO o.s.b.w.e.t.TomcatWebServer [restartedMain] Tomcat started on port(s): 88 (http) with context path ''
2023-06-13 00:37:21,048 INFO o.s.b.StartupInfoLogger [restartedMain] Started MallAdminApplication in 3.875 seconds (process running for 5282.126)
2023-06-13 00:37:21,055 INFO c.a.d.p.DruidDataSource [restartedMain] {dataSource-3} inited
2023-06-13 00:37:21,070 INFO o.s.b.d.a.ConditionEvaluationDeltaLoggingListener [restartedMain] Condition evaluation unchanged
